# JRE version: Java(TM) SE Runtime Environment (8.0_341-b10) (build 1.8.0_341-b10)
# Java VM: Java HotSpot(TM) 64-Bit Server VM (25.341-b10 mixed mode windows-amd64 compressed oops)
Heap:
 PSYoungGen      total 348160K, used 266592K [0x00000000d7300000, 0x00000000fb980000, 0x0000000100000000)
  eden space 133120K, 100% used [0x00000000d7300000,0x00000000df500000,0x00000000df500000)
  from space 215040K, 62% used [0x00000000df500000,0x00000000e7758000,0x00000000ec700000)
  to   space 218624K, 6% used [0x00000000ee400000,0x00000000ef1b0000,0x00000000fb980000)
 ParOldGen       total 1338368K, used 587983K [0x0000000085800000, 0x00000000d7300000, 0x00000000d7300000)
  object space 1338368K, 43% used [0x0000000085800000,0x00000000a9633d28,0x00000000d7300000)
 Metaspace       used 2694K, capacity 4494K, committed 4864K, reserved 1056768K
  class space    used 289K, capacity 386K, committed 512K, reserved 1048576K
GC Heap History (10 events):
Event: 142.645 GC heap after
Heap after GC invocations=58 (full 48):
 PSYoungGen      total 338944K, used 133119K [0x00000000d7300000, 0x00000000f9900000, 0x0000000100000000)
  eden space 133120K, 99% used [0x00000000d7300000,0x00000000df4ffff0,0x00000000df500000)
  from space 205824K, 0% used [0x00000000ed000000,0x00000000ed000000,0x00000000f9900000)
  to   space 215040K, 0% used [0x00000000df500000,0x00000000df500000,0x00000000ec700000)
 ParOldGen       total 506880K, used 506854K [0x0000000085800000, 0x00000000a4700000, 0x00000000d7300000)
  object space 506880K, 99% used [0x0000000085800000,0x00000000a46f9b60,0x00000000a4700000)
 Metaspace       used 2694K, capacity 4494K, committed 4864K, reserved 1056768K
  class space    used 289K, capacity 386K, committed 512K, reserved 1048576K
}
Event: 142.645 GC heap before
{Heap before GC invocations=59 (full 49):
 PSYoungGen      total 338944K, used 133119K [0x00000000d7300000, 0x00000000f9900000, 0x0000000100000000)
  eden space 133120K, 99% used [0x00000000d7300000,0x00000000df4ffff0,0x00000000df500000)
  from space 205824K, 0% used [0x00000000ed000000,0x00000000ed000000,0x00000000f9900000)
  to   space 215040K, 0% used [0x00000000df500000,0x00000000df500000,0x00000000ec700000)
 ParOldGen       total 506880K, used 506856K [0x0000000085800000, 0x00000000a4700000, 0x00000000d7300000)
  object space 506880K, 99% used [0x0000000085800000,0x00000000a46fa160,0x00000000a4700000)
 Metaspace       used 2694K, capacity 4494K, committed 4864K, reserved 1056768K
  class space    used 289K, capacity 386K, committed 512K, reserved 1048576K
Event: 146.715 GC heap after
Heap after GC invocations=59 (full 49):
 PSYoungGen      total 338944K, used 133119K [0x00000000d7300000, 0x00000000f9900000, 0x0000000100000000)
  eden space 133120K, 99% used [0x00000000d7300000,0x00000000df4ffff0,0x00000000df500000)
  from space 205824K, 0% used [0x00000000ed000000,0x00000000ed000000,0x00000000f9900000)
  to   space 215040K, 0% used [0x00000000df500000,0x00000000df500000,0x00000000ec700000)
 ParOldGen       total 506880K, used 506855K [0x0000000085800000, 0x00000000a4700000, 0x00000000d7300000)
  object space 506880K, 99% used [0x0000000085800000,0x00000000a46f9f68,0x00000000a4700000)
 Metaspace       used 2694K, capacity 4494K, committed 4864K, reserved 1056768K
  class space    used 289K, capacity 386K, committed 512K, reserved 1048576K
}
Event: 146.715 GC heap before
{Heap before GC invocations=60 (full 50):
 PSYoungGen      total 338944K, used 133119K [0x00000000d7300000, 0x00000000f9900000, 0x0000000100000000)
  eden space 133120K, 99% used [0x00000000d7300000,0x00000000df4ffff0,0x00000000df500000)
  from space 205824K, 0% used [0x00000000ed000000,0x00000000ed000000,0x00000000f9900000)
  to   space 215040K, 0% used [0x00000000df500000,0x00000000df500000,0x00000000ec700000)
 ParOldGen       total 506880K, used 506857K [0x0000000085800000, 0x00000000a4700000, 0x00000000d7300000)
  object space 506880K, 99% used [0x0000000085800000,0x00000000a46fa568,0x00000000a4700000)
 Metaspace       used 2694K, capacity 4494K, committed 4864K, reserved 1056768K
  class space    used 289K, capacity 386K, committed 512K, reserved 1048576K
Event: 150.392 GC heap after
Heap after GC invocations=60 (full 50):
 PSYoungGen      total 338944K, used 133119K [0x00000000d7300000, 0x00000000f9900000, 0x0000000100000000)
  eden space 133120K, 99% used [0x00000000d7300000,0x00000000df4ffff0,0x00000000df500000)
  from space 205824K, 0% used [0x00000000ed000000,0x00000000ed000000,0x00000000f9900000)
  to   space 215040K, 0% used [0x00000000df500000,0x00000000df500000,0x00000000ec700000)
 ParOldGen       total 506880K, used 506856K [0x0000000085800000, 0x00000000a4700000, 0x00000000d7300000)
  object space 506880K, 99% used [0x0000000085800000,0x00000000a46fa370,0x00000000a4700000)
 Metaspace       used 2694K, capacity 4494K, committed 4864K, reserved 1056768K
  class space    used 289K, capacity 386K, committed 512K, reserved 1048576K
}
Event: 150.392 GC heap before
{Heap before GC invocations=61 (full 51):
 PSYoungGen      total 338944K, used 133119K [0x00000000d7300000, 0x00000000f9900000, 0x0000000100000000)
  eden space 133120K, 99% used [0x00000000d7300000,0x00000000df4ffff0,0x00000000df500000)
  from space 205824K, 0% used [0x00000000ed000000,0x00000000ed000000,0x00000000f9900000)
  to   space 215040K, 0% used [0x00000000df500000,0x00000000df500000,0x00000000ec700000)
 ParOldGen       total 506880K, used 506858K [0x0000000085800000, 0x00000000a4700000, 0x00000000d7300000)
  object space 506880K, 99% used [0x0000000085800000,0x00000000a46fa970,0x00000000a4700000)
 Metaspace       used 2694K, capacity 4494K, committed 4864K, reserved 1056768K
  class space    used 289K, capacity 386K, committed 512K, reserved 1048576K
Event: 153.904 GC heap after
Heap after GC invocations=61 (full 51):
 PSYoungGen      total 338944K, used 133119K [0x00000000d7300000, 0x00000000f9900000, 0x0000000100000000)
  eden space 133120K, 99% used [0x00000000d7300000,0x00000000df4ffff0,0x00000000df500000)
  from space 205824K, 0% used [0x00000000ed000000,0x00000000ed000000,0x00000000f9900000)
  to   space 215040K, 0% used [0x00000000df500000,0x00000000df500000,0x00000000ec700000)
 ParOldGen       total 1338368K, used 506857K [0x0000000085800000, 0x00000000d7300000, 0x00000000d7300000)
  object space 1338368K, 37% used [0x0000000085800000,0x00000000a46fa760,0x00000000d7300000)
 Metaspace       used 2694K, capacity 4494K, committed 4864K, reserved 1056768K
  class space    used 289K, capacity 386K, committed 512K, reserved 1048576K
}
Event: 153.904 GC heap before
{Heap before GC invocations=62 (full 51):
 PSYoungGen      total 338944K, used 133119K [0x00000000d7300000, 0x00000000f9900000, 0x0000000100000000)
  eden space 133120K, 99% used [0x00000000d7300000,0x00000000df4ffff0,0x00000000df500000)
  from space 205824K, 0% used [0x00000000ed000000,0x00000000ed000000,0x00000000f9900000)
  to   space 215040K, 0% used [0x00000000df500000,0x00000000df500000,0x00000000ec700000)
 ParOldGen       total 1338368K, used 506859K [0x0000000085800000, 0x00000000d7300000, 0x00000000d7300000)
  object space 1338368K, 37% used [0x0000000085800000,0x00000000a46fad60,0x00000000d7300000)
 Metaspace       used 2694K, capacity 4494K, committed 4864K, reserved 1056768K
  class space    used 289K, capacity 386K, committed 512K, reserved 1048576K
Event: 159.407 GC heap after
Heap after GC invocations=62 (full 51):
 PSYoungGen      total 348160K, used 133472K [0x00000000d7300000, 0x00000000fb980000, 0x0000000100000000)
  eden space 133120K, 0% used [0x00000000d7300000,0x00000000d7300000,0x00000000df500000)
  from space 215040K, 62% used [0x00000000df500000,0x00000000e7758000,0x00000000ec700000)
  to   space 218624K, 0% used [0x00000000ee400000,0x00000000ee400000,0x00000000fb980000)
 ParOldGen       total 1338368K, used 506859K [0x0000000085800000, 0x00000000d7300000, 0x00000000d7300000)
  object space 1338368K, 37% used [0x0000000085800000,0x00000000a46fad60,0x00000000d7300000)
 Metaspace       used 2694K, capacity 4494K, committed 4864K, reserved 1056768K
  class space    used 289K, capacity 386K, committed 512K, reserved 1048576K
}
Event: 159.856 GC heap before
{Heap before GC invocations=63 (full 51):
 PSYoungGen      total 348160K, used 266592K [0x00000000d7300000, 0x00000000fb980000, 0x0000000100000000)
  eden space 133120K, 100% used [0x00000000d7300000,0x00000000df500000,0x00000000df500000)
  from space 215040K, 62% used [0x00000000df500000,0x00000000e7758000,0x00000000ec700000)
  to   space 218624K, 0% used [0x00000000ee400000,0x00000000ee400000,0x00000000fb980000)
 ParOldGen       total 1338368K, used 587983K [0x0000000085800000, 0x00000000d7300000, 0x00000000d7300000)
  object space 1338368K, 43% used [0x0000000085800000,0x00000000a9633d28,0x00000000d7300000)
 Metaspace       used 2694K, capacity 4494K, committed 4864K, reserved 1056768K
  class space    used 289K, capacity 386K, committed 512K, reserved 1048576K

